<?xml version="1.0" encoding="UTF-8"?>
<testng-results ignored="0" total="1" passed="1" failed="0" skipped="0">
  <reporter-output>
  </reporter-output>
  <suite started-at="2023-04-28T14:13:52 IST" name="medsol1" finished-at="2023-04-28T14:14:26 IST" duration-ms="34833">
    <groups>
    </groups>
    <test started-at="2023-04-28T14:13:52 IST" name="medicalapp Test" finished-at="2023-04-28T14:14:26 IST" duration-ms="34833">
      <class name="com.medsol1.testcases.TC_Logintest_created">
        <test-method is-config="true" signature="setup(java.lang.String)[pri:0, instance:com.medsol1.testcases.TC_Logintest_created@7e6f74c]" started-at="2023-04-28T14:13:52 IST" name="setup" finished-at="2023-04-28T14:14:10 IST" duration-ms="18456" status="PASS">
          <params>
            <param index="0">
              <value>
                <![CDATA[chrome]]>
              </value>
            </param>
          </params>
          <reporter-output>
          </reporter-output>
        </test-method> <!-- setup -->
        <test-method signature="logintest()[pri:0, instance:com.medsol1.testcases.TC_Logintest_created@7e6f74c]" started-at="2023-04-28T14:14:10 IST" name="logintest" finished-at="2023-04-28T14:14:26 IST" duration-ms="16008" status="PASS">
          <reporter-output>
          </reporter-output>
        </test-method> <!-- logintest -->
        <test-method is-config="true" signature="teardown()[pri:0, instance:com.medsol1.testcases.TC_Logintest_created@7e6f74c]" started-at="2023-04-28T14:14:26 IST" name="teardown" finished-at="2023-04-28T14:14:26 IST" duration-ms="318" status="PASS">
          <reporter-output>
          </reporter-output>
        </test-method> <!-- teardown -->
      </class> <!-- com.medsol1.testcases.TC_Logintest_created -->
    </test> <!-- medicalapp Test -->
  </suite> <!-- medsol1 -->
</testng-results>
